<?xml version="1.0" encoding="UTF-8"?>
<testsuite xmlns:xsi="http://www.w3.org/2001/XMLSchema-instance" xsi:noNamespaceSchemaLocation="https://maven.apache.org/surefire/maven-surefire-plugin/xsd/surefire-test-report.xsd" name="TestSuite" time="5.747" tests="6" errors="0" skipped="0" failures="0">
  <properties>
    <property name="sun.desktop" value="windows"/>
    <property name="awt.toolkit" value="sun.awt.windows.WToolkit"/>
    <property name="java.specification.version" value="11"/>
    <property name="sun.cpu.isalist" value="amd64"/>
    <property name="sun.jnu.encoding" value="Cp1251"/>
    <property name="java.class.path" value="C:\Users\tsadist\Desktop\Мой диск\Обучение в Точке Качества\lvl2\Task5 REST API\target\test-classes;C:\Users\tsadist\Desktop\Мой диск\Обучение в Точке Качества\lvl2\Task5 REST API\target\classes;C:\Users\tsadist\.m2\repository\com\mashape\unirest\unirest-java\1.4.9\unirest-java-1.4.9.jar;C:\Users\tsadist\.m2\repository\org\apache\httpcomponents\httpclient\4.5.2\httpclient-4.5.2.jar;C:\Users\tsadist\.m2\repository\org\apache\httpcomponents\httpcore\4.4.4\httpcore-4.4.4.jar;C:\Users\tsadist\.m2\repository\commons-logging\commons-logging\1.2\commons-logging-1.2.jar;C:\Users\tsadist\.m2\repository\commons-codec\commons-codec\1.9\commons-codec-1.9.jar;C:\Users\tsadist\.m2\repository\org\apache\httpcomponents\httpasyncclient\4.1.1\httpasyncclient-4.1.1.jar;C:\Users\tsadist\.m2\repository\org\apache\httpcomponents\httpcore-nio\4.4.4\httpcore-nio-4.4.4.jar;C:\Users\tsadist\.m2\repository\org\apache\httpcomponents\httpmime\4.5.2\httpmime-4.5.2.jar;C:\Users\tsadist\.m2\repository\org\json\json\20160212\json-20160212.jar;C:\Users\tsadist\.m2\repository\org\testng\testng\7.7.1\testng-7.7.1.jar;C:\Users\tsadist\.m2\repository\com\beust\jcommander\1.82\jcommander-1.82.jar;C:\Users\tsadist\.m2\repository\org\webjars\jquery\3.6.1\jquery-3.6.1.jar;C:\Users\tsadist\.m2\repository\com\google\code\gson\gson\2.10.1\gson-2.10.1.jar;C:\Users\tsadist\.m2\repository\org\projectlombok\lombok\1.18.26\lombok-1.18.26.jar;C:\Users\tsadist\.m2\repository\org\slf4j\slf4j-api\2.0.6\slf4j-api-2.0.6.jar;C:\Users\tsadist\.m2\repository\org\slf4j\slf4j-simple\2.0.6\slf4j-simple-2.0.6.jar;"/>
    <property name="java.vm.vendor" value="JetBrains s.r.o."/>
    <property name="sun.arch.data.model" value="64"/>
    <property name="user.variant" value=""/>
    <property name="java.vendor.url" value="https://openjdk.java.net/"/>
    <property name="user.timezone" value="Europe/Moscow"/>
    <property name="java.vm.specification.version" value="11"/>
    <property name="os.name" value="Windows 11"/>
    <property name="sun.java.launcher" value="SUN_STANDARD"/>
    <property name="user.country" value="RU"/>
    <property name="sun.boot.library.path" value="C:\Program Files\JetBrains\IntelliJ IDEA 2021.3\jbr\bin"/>
    <property name="sun.java.command" value="C:\Users\tsadist\AppData\Local\Temp\surefire919516446348107904\surefirebooter15668902737095335415.jar C:\Users\tsadist\AppData\Local\Temp\surefire919516446348107904 2023-03-21T19-52-13_625-jvmRun1 surefire11252670842979927128tmp surefire_04171325219575258354tmp"/>
    <property name="jdk.debug" value="release"/>
    <property name="surefire.test.class.path" value="C:\Users\tsadist\Desktop\Мой диск\Обучение в Точке Качества\lvl2\Task5 REST API\target\test-classes;C:\Users\tsadist\Desktop\Мой диск\Обучение в Точке Качества\lvl2\Task5 REST API\target\classes;C:\Users\tsadist\.m2\repository\com\mashape\unirest\unirest-java\1.4.9\unirest-java-1.4.9.jar;C:\Users\tsadist\.m2\repository\org\apache\httpcomponents\httpclient\4.5.2\httpclient-4.5.2.jar;C:\Users\tsadist\.m2\repository\org\apache\httpcomponents\httpcore\4.4.4\httpcore-4.4.4.jar;C:\Users\tsadist\.m2\repository\commons-logging\commons-logging\1.2\commons-logging-1.2.jar;C:\Users\tsadist\.m2\repository\commons-codec\commons-codec\1.9\commons-codec-1.9.jar;C:\Users\tsadist\.m2\repository\org\apache\httpcomponents\httpasyncclient\4.1.1\httpasyncclient-4.1.1.jar;C:\Users\tsadist\.m2\repository\org\apache\httpcomponents\httpcore-nio\4.4.4\httpcore-nio-4.4.4.jar;C:\Users\tsadist\.m2\repository\org\apache\httpcomponents\httpmime\4.5.2\httpmime-4.5.2.jar;C:\Users\tsadist\.m2\repository\org\json\json\20160212\json-20160212.jar;C:\Users\tsadist\.m2\repository\org\testng\testng\7.7.1\testng-7.7.1.jar;C:\Users\tsadist\.m2\repository\com\beust\jcommander\1.82\jcommander-1.82.jar;C:\Users\tsadist\.m2\repository\org\webjars\jquery\3.6.1\jquery-3.6.1.jar;C:\Users\tsadist\.m2\repository\com\google\code\gson\gson\2.10.1\gson-2.10.1.jar;C:\Users\tsadist\.m2\repository\org\projectlombok\lombok\1.18.26\lombok-1.18.26.jar;C:\Users\tsadist\.m2\repository\org\slf4j\slf4j-api\2.0.6\slf4j-api-2.0.6.jar;C:\Users\tsadist\.m2\repository\org\slf4j\slf4j-simple\2.0.6\slf4j-simple-2.0.6.jar;"/>
    <property name="sun.cpu.endian" value="little"/>
    <property name="user.home" value="C:\Users\tsadist"/>
    <property name="user.language" value="ru"/>
    <property name="java.specification.vendor" value="Oracle Corporation"/>
    <property name="java.version.date" value="2022-02-08"/>
    <property name="java.home" value="C:\Program Files\JetBrains\IntelliJ IDEA 2021.3\jbr"/>
    <property name="file.separator" value="\"/>
    <property name="basedir" value="C:\Users\tsadist\Desktop\Мой диск\Обучение в Точке Качества\lvl2\Task5 REST API"/>
    <property name="java.vm.compressedOopsMode" value="32-bit"/>
    <property name="line.separator" value="&#10;"/>
    <property name="java.specification.name" value="Java Platform API Specification"/>
    <property name="java.vm.specification.vendor" value="Oracle Corporation"/>
    <property name="java.awt.graphicsenv" value="sun.awt.Win32GraphicsEnvironment"/>
    <property name="surefire.real.class.path" value="C:\Users\tsadist\AppData\Local\Temp\surefire919516446348107904\surefirebooter15668902737095335415.jar"/>
    <property name="user.script" value=""/>
    <property name="sun.management.compiler" value="HotSpot 64-Bit Tiered Compilers"/>
    <property name="java.runtime.version" value="11.0.14.1+1-b1751.46"/>
    <property name="user.name" value="tsadist"/>
    <property name="path.separator" value=";"/>
    <property name="os.version" value="10.0"/>
    <property name="java.runtime.name" value="OpenJDK Runtime Environment"/>
    <property name="file.encoding" value="Cp1251"/>
    <property name="java.vm.name" value="OpenJDK 64-Bit Server VM"/>
    <property name="java.vendor.version" value="JBR-11.0.14.1.1-1751.46-jcef"/>
    <property name="localRepository" value="C:\Users\tsadist\.m2\repository"/>
    <property name="java.vendor.url.bug" value="https://bugreport.java.com/bugreport/"/>
    <property name="java.io.tmpdir" value="C:\Users\tsadist\AppData\Local\Temp\"/>
    <property name="java.version" value="11.0.14.1"/>
    <property name="user.dir" value="C:\Users\tsadist\Desktop\Мой диск\Обучение в Точке Качества\lvl2\Task5 REST API"/>
    <property name="os.arch" value="amd64"/>
    <property name="java.vm.specification.name" value="Java Virtual Machine Specification"/>
    <property name="java.awt.printerjob" value="sun.awt.windows.WPrinterJob"/>
    <property name="sun.os.patch.level" value=""/>
    <property name="java.library.path" value="C:\Program Files\JetBrains\IntelliJ IDEA 2021.3\jbr\bin;C:\WINDOWS\Sun\Java\bin;C:\WINDOWS\system32;C:\WINDOWS;C:\WINDOWS\system32;C:\WINDOWS;C:\WINDOWS\System32\Wbem;C:\WINDOWS\System32\WindowsPowerShell\v1.0\;C:\WINDOWS\System32\OpenSSH\;C:\Program Files\Git\cmd;C:\Program Files (x86)\Common Files\Acronis\SnapAPI\;C:\Program Files\PuTTY\;;C:\Program Files\Docker\Docker\resources\bin;C:\Program Files\MySQL\MySQL Shell 8.0\bin\;C:\Python\Python310\Scripts\;C:\Python\Python310\;C:\Users\tsadist\AppData\Local\Microsoft\WindowsApps;C:\Program Files\MySQL\MySQL Server 8.0\bin;C:\Apacha Maven\maven\bin;C:\sProgram Files\JetBrains\IntelliJ IDEA 2021.3\jbr;C:\Apacha Maven\apache-maven-3.8.6\bin;C:\Users\tsadist\.jdks\corretto-17.0.6;;."/>
    <property name="java.vm.info" value="mixed mode"/>
    <property name="java.vendor" value="JetBrains s.r.o."/>
    <property name="java.vm.version" value="11.0.14.1+1-b1751.46"/>
    <property name="sun.io.unicode.encoding" value="UnicodeLittle"/>
    <property name="java.class.version" value="55.0"/>
  </properties>
  <testcase name="correctResponsePostRequestTest" classname="tests.RestAPITest" time="2.701"/>
  <testcase name="responseCorrectTest" classname="tests.RestAPITest" time="0.082"/>
  <testcase name="responseSortTest" classname="tests.RestAPITest" time="0.097"/>
  <testcase name="selectedUserMatchesGivenFileTest" classname="tests.RestAPITest" time="0.08"/>
  <testcase name="specifiedUserMatchesGivenFileTest" classname="tests.RestAPITest" time="0.249"/>
  <testcase name="uncorrectedResponseTest" classname="tests.RestAPITest" time="0.084"/>
</testsuite>