<?xml version="1.0" encoding="UTF-8"?>
<!-- Generated by org.testng.reporters.JUnitReportReporter -->
<testsuite hostname="DESKTOP-RVKO3GI" failures="0" tests="1" name="tests.HelpFormTest" time="0.570" errors="0" timestamp="2023-02-06T18:26:48 MSK" skipped="0">
  <testcase classname="tests.HelpFormTest" name="test" time="0.570"/>
  <system-out/>
</testsuite> <!-- tests.HelpFormTest -->
