<?xml version="1.0" encoding="UTF-8"?>
<!-- Generated by org.testng.reporters.JUnitReportReporter -->
<testsuite hostname="DESKTOP-RVKO3GI" failures="0" tests="1" name="tests.TimerStartTimeTest" time="0.540" errors="0" timestamp="2023-02-06T18:26:48 MSK" skipped="0">
  <testcase classname="tests.TimerStartTimeTest" name="test" time="0.540"/>
  <system-out/>
</testsuite> <!-- tests.TimerStartTimeTest -->
