<?xml version="1.0" encoding="UTF-8"?>
<!-- Generated by org.testng.reporters.JUnitReportReporter -->
<testsuite hostname="DESKTOP-RVKO3GI" failures="0" tests="6" name="tests.RestAPITest" time="3.291" errors="0" timestamp="2023-03-21T19:52:21 MSK" skipped="0">
  <testcase classname="tests.RestAPITest" name="responseCorrectTest" time="0.074"/>
  <system-out/>
  <testcase classname="tests.RestAPITest" name="selectedUserMatchesGivenFileTest" time="0.087"/>
  <system-out/>
  <testcase classname="tests.RestAPITest" name="responseSortTest" time="0.097"/>
  <system-out/>
  <testcase classname="tests.RestAPITest" name="specifiedUserMatchesGivenFileTest" time="0.250"/>
  <system-out/>
  <testcase classname="tests.RestAPITest" name="correctResponsePostRequestTest" time="2.700"/>
  <system-out/>
  <testcase classname="tests.RestAPITest" name="uncorrectedResponseTest" time="0.083"/>
  <system-out/>
</testsuite> <!-- tests.RestAPITest -->
